This is pdfTeXk, Version 3.1415926-1.40.9 (Web2C 7.5.7) (format=pdflatex 2008.12.28)  16 APR 2014 15:59
entering extended mode
\write18 enabled.
 %&-line parsing enabled.
**IntegrationOfX3DGeospatial.tex
(./IntegrationOfX3DGeospatial.tex
LaTeX2e <2005/12/01>
Babel <v3.8l> and hyphenation patterns for english, usenglishmax, dumylang, noh
yphenation, german-x-2008-06-18, ngerman-x-2008-06-18, ancientgreek, ibycus, ar
abic, basque, bulgarian, catalan, pinyin, coptic, croatian, czech, danish, dutc
h, esperanto, estonian, farsi, finnish, french, galician, german, ngerman, mono
greek, greek, hungarian, icelandic, indonesian, interlingua, irish, italian, la
tin, lithuanian, mongolian, mongolian2a, bokmal, nynorsk, polish, portuguese, r
omanian, russian, sanskrit, serbian, slovak, slovenian, spanish, swedish, turki
sh, ukenglish, ukrainian, uppersorbian, welsh, loaded.
(./acmsiggraph.cls
Document Class: acmsiggraph 2008/10/21 ACM SIGGRAPH
(/usr/local/texlive/2008/texmf-dist/tex/latex/lineno/lineno.sty
Package: lineno 2005/11/02 line numbers on paragraphs v4.41
\linenopenalty=\count79
\output=\toks14
\linenoprevgraf=\count80
\linenumbersep=\dimen102
\linenumberwidth=\dimen103
\c@linenumber=\count81
\c@pagewiselinenumber=\count82
\c@LN@truepage=\count83
\c@internallinenumber=\count84
\c@internallinenumbers=\count85
\quotelinenumbersep=\dimen104
\bframerule=\dimen105
\bframesep=\dimen106
\bframebox=\box26
LaTeX Info: Redefining \\ on input line 3056.
)
(/usr/local/texlive/2008/texmf-dist/tex/latex/base/article.cls
Document Class: article 2005/09/16 v1.4f Standard LaTeX document class
(/usr/local/texlive/2008/texmf-dist/tex/latex/base/size12.clo
File: size12.clo 2005/09/16 v1.4f Standard LaTeX file (size option)
)
\c@part=\count86
\c@section=\count87
\c@subsection=\count88
\c@subsubsection=\count89
\c@paragraph=\count90
\c@subparagraph=\count91
\c@figure=\count92
\c@table=\count93
\abovecaptionskip=\skip41
\belowcaptionskip=\skip42
\bibindent=\dimen107
)
\bibhang=\skip43
\titlespace=\skip44
\teaserspace=\skip45
\acm@abs=\toks15
)
(/usr/local/texlive/2008/texmf-dist/tex/latex/psnfss/helvet.sty
Package: helvet 2005/04/12 PSNFSS-v9.2a (WaS) 

(/usr/local/texlive/2008/texmf-dist/tex/latex/graphics/keyval.sty
Package: keyval 1999/03/16 v1.13 key=value parser (DPC)
\KV@toks@=\toks16
))
(/usr/local/texlive/2008/texmf-dist/tex/latex/psnfss/times.sty
Package: times 2005/04/12 PSNFSS-v9.2a (SPQR) 
)
(/usr/local/texlive/2008/texmf-dist/tex/latex/base/latexsym.sty
Package: latexsym 1998/08/17 v2.2e Standard LaTeX package (lasy symbols)
\symlasy=\mathgroup4
LaTeX Font Info:    Overwriting symbol font `lasy' in version `bold'
(Font)                  U/lasy/m/n --> U/lasy/b/n on input line 47.
)
(/usr/local/texlive/2008/texmf-dist/tex/latex/graphics/graphicx.sty
Package: graphicx 1999/02/16 v1.0f Enhanced LaTeX Graphics (DPC,SPQR)

(/usr/local/texlive/2008/texmf-dist/tex/latex/graphics/graphics.sty
Package: graphics 2006/02/20 v1.0o Standard LaTeX Graphics (DPC,SPQR)

(/usr/local/texlive/2008/texmf-dist/tex/latex/graphics/trig.sty
Package: trig 1999/03/16 v1.09 sin cos tan (DPC)
)
(/usr/local/texlive/2008/texmf/tex/latex/config/graphics.cfg
File: graphics.cfg 2007/01/18 v1.5 graphics configuration of teTeX/TeXLive
)
Package graphics Info: Driver file: pdftex.def on input line 90.

(/usr/local/texlive/2008/texmf-dist/tex/latex/pdftex-def/pdftex.def
File: pdftex.def 2008/09/08 v0.04l Graphics/color for pdfTeX
\Gread@gobject=\count94
))
\Gin@req@height=\dimen108
\Gin@req@width=\dimen109
)
(/usr/local/texlive/2008/texmf-dist/tex/latex/ltxmisc/parskip.sty
Package: parskip 2001/04/09 non-zero parskip adjustments
)
(/usr/local/texlive/2008/texmf-dist/tex/latex/caption/caption.sty
Package: caption 2008/08/24 v3.1j Customizing captions (AR)

(/usr/local/texlive/2008/texmf-dist/tex/latex/caption/caption3.sty
Package: caption3 2008/08/24 v3.1j caption3 kernel (AR)
\captionmargin=\dimen110
\captionmargin@=\dimen111
\captionwidth=\dimen112
\caption@indent=\dimen113
\caption@parindent=\dimen114
\caption@hangindent=\dimen115
)
\c@ContinuedFloat=\count95
)
(/usr/local/texlive/2008/texmf-dist/tex/latex/listings/listings.sty
\lst@mode=\count96
\lst@gtempboxa=\box27
\lst@token=\toks17
\lst@length=\count97
\lst@currlwidth=\dimen116
\lst@column=\count98
\lst@pos=\count99
\lst@lostspace=\dimen117
\lst@width=\dimen118
\lst@newlines=\count100
\lst@lineno=\count101
\lst@maxwidth=\dimen119

(/usr/local/texlive/2008/texmf-dist/tex/latex/listings/lstmisc.sty
File: lstmisc.sty 2007/02/22 1.4 (Carsten Heinz)
\c@lstnumber=\count102
\lst@skipnumbers=\count103
\lst@framebox=\box28
)
(/usr/local/texlive/2008/texmf-dist/tex/latex/listings/listings.cfg
File: listings.cfg 2007/02/22 1.4 listings configuration
))
Package: listings 2007/02/22 1.4 (Carsten Heinz)

(/usr/local/texlive/2008/texmf-dist/tex/latex/base/alltt.sty
Package: alltt 1997/06/16 v2.0g defines alltt environment
)
(/usr/local/texlive/2008/texmf-dist/tex/latex/subfigure/subfigure.sty
Package: subfigure 2002/03/15 v2.1.5 subfigure package
\subfigtopskip=\skip46
\subfigcapskip=\skip47
\subfigcaptopadj=\dimen120
\subfigbottomskip=\skip48
\subfigcapmargin=\dimen121
\subfiglabelskip=\skip49
\c@subfigure=\count104
\c@lofdepth=\count105
\c@subtable=\count106
\c@lotdepth=\count107

****************************************
* Local config file subfigure.cfg used *
****************************************
(/usr/local/texlive/2008/texmf-dist/tex/latex/subfigure/subfigure.cfg)
\subfig@top=\skip50
\subfig@bottom=\skip51
)
(./IntegrationOfX3DGeospatial.aux)
\openout1 = `IntegrationOfX3DGeospatial.aux'.

LaTeX Font Info:    Checking defaults for OML/cmm/m/it on input line 72.
LaTeX Font Info:    ... okay on input line 72.
LaTeX Font Info:    Checking defaults for T1/cmr/m/n on input line 72.
LaTeX Font Info:    ... okay on input line 72.
LaTeX Font Info:    Checking defaults for OT1/cmr/m/n on input line 72.
LaTeX Font Info:    ... okay on input line 72.
LaTeX Font Info:    Checking defaults for OMS/cmsy/m/n on input line 72.
LaTeX Font Info:    ... okay on input line 72.
LaTeX Font Info:    Checking defaults for OMX/cmex/m/n on input line 72.
LaTeX Font Info:    ... okay on input line 72.
LaTeX Font Info:    Checking defaults for U/cmr/m/n on input line 72.
LaTeX Font Info:    ... okay on input line 72.
LaTeX Font Info:    Try loading font information for OT1+ptm on input line 72.

(/usr/local/texlive/2008/texmf-dist/tex/latex/psnfss/ot1ptm.fd
File: ot1ptm.fd 2001/06/04 font definitions for OT1/ptm.
)
(/usr/local/texlive/2008/texmf-dist/tex/context/base/supp-pdf.tex
[Loading MPS to PDF converter (version 2006.09.02).]
\scratchcounter=\count108
\scratchdimen=\dimen122
\scratchbox=\box29
\nofMPsegments=\count109
\nofMParguments=\count110
\everyMPshowfont=\toks18
\MPscratchCnt=\count111
\MPscratchDim=\dimen123
\MPnumerator=\count112
\everyMPtoPDFconversion=\toks19
)
Package caption Info: Begin \AtBeginDocument code.
Package caption Info: listings package is loaded.
Package caption Info: subfigure package is loaded.
Package caption Info: End \AtBeginDocument code.
\c@lstlisting=\count113
LaTeX Font Info:    Try loading font information for OT1+phv on input line 90.
 (/usr/local/texlive/2008/texmf-dist/tex/latex/psnfss/ot1phv.fd
File: ot1phv.fd 2001/06/04 scalable font definitions for OT1/phv.
)
LaTeX Font Info:    Font shape `OT1/phv/m/n' will be
(Font)              scaled to size 19.08076pt on input line 90.
LaTeX Font Info:    Font shape `OT1/phv/bx/n' in size <20.74> not available
(Font)              Font shape `OT1/phv/b/n' tried instead on input line 90.
LaTeX Font Info:    Font shape `OT1/phv/b/n' will be
(Font)              scaled to size 19.08076pt on input line 90.
LaTeX Font Info:    Font shape `OT1/phv/m/n' will be
(Font)              scaled to size 5.51999pt on input line 90.

<STOQSUIscreencapture.png, id=1, 2438.10875pt x 1408.26125pt>
File: STOQSUIscreencapture.png Graphic file (type png)

<use STOQSUIscreencapture.png>
Overfull \hbox (6.0pt too wide) in paragraph at lines 90--90
 [][] 
 []

LaTeX Font Info:    Font shape `OT1/ptm/bx/n' in size <12> not available
(Font)              Font shape `OT1/ptm/b/n' tried instead on input line 90.
LaTeX Font Info:    Font shape `OT1/ptm/bx/n' in size <10.95> not available
(Font)              Font shape `OT1/ptm/b/n' tried instead on input line 99.
[1{/usr/local/texlive/2008/texmf-var/fonts/map/pdftex/updmap/pdftex.map}

 <./STOQSUIscreencapture.png (PNG copy)>]
LaTeX Font Info:    Font shape `OT1/phv/m/n' will be
(Font)              scaled to size 15.89755pt on input line 112.
LaTeX Font Info:    Font shape `OT1/phv/bx/n' in size <17.28> not available
(Font)              Font shape `OT1/phv/b/n' tried instead on input line 112.
LaTeX Font Info:    Font shape `OT1/phv/b/n' will be
(Font)              scaled to size 15.89755pt on input line 112.
 [2]
<MUSE_illus_pp.jpg, id=14, 173.448pt x 156.1032pt>
File: MUSE_illus_pp.jpg Graphic file (type jpg)
 <use MUSE_illus_pp.jpg>
Underfull \vbox (badness 10000) has occurred while \output is active []

 [3 <./MUSE_illus_pp.jpg>]
LaTeX Font Info:    Font shape `OT1/phv/m/n' will be
(Font)              scaled to size 13.24796pt on input line 148.
LaTeX Font Info:    Font shape `OT1/phv/bx/n' in size <14.4> not available
(Font)              Font shape `OT1/phv/b/n' tried instead on input line 148.
LaTeX Font Info:    Font shape `OT1/phv/b/n' will be
(Font)              scaled to size 13.24796pt on input line 148.

<STOQS_Architecture_withX3DOM.png, id=18, 1214.5375pt x 846.16125pt>
File: STOQS_Architecture_withX3DOM.png Graphic file (type png)

<use STOQS_Architecture_withX3DOM.png>
Underfull \vbox (badness 10000) has occurred while \output is active []

 [4]
Underfull \vbox (badness 2698) has occurred while \output is active []

 [5 <./STOQS_Architecture_withX3DOM.png (PNG copy)>] [6]
<x3dTerrains.png, id=28, 984.67876pt x 206.7725pt>
File: x3dTerrains.png Graphic file (type png)
 <use x3dTerrains.png>
<Spatial3D_DOM.png, id=29, 850.17625pt x 266.9975pt>
File: Spatial3D_DOM.png Graphic file (type png)
 <use Spatial3D_DOM.png>
<JSONData.png, id=30, 1182.4175pt x 296.10625pt>
File: JSONData.png Graphic file (type png)
 <use JSONData.png>
<jQueryDOMUpdate.png, id=31, 1152.305pt x 123.46124pt>
File: jQueryDOMUpdate.png Graphic file (type png)

<use jQueryDOMUpdate.png> [7 <./x3dTerrains.png (PNG copy)> <./Spatial3D_DOM.pn
g (PNG copy)> <./JSONData.png (PNG copy)> <./jQueryDOMUpdate.png (PNG copy)>]
[8]
LaTeX Font Info:    Try loading font information for OMS+ptm on input line 226.

 (/usr/local/texlive/2008/texmf-dist/tex/latex/psnfss/omsptm.fd
File: omsptm.fd 
)
LaTeX Font Info:    Font shape `OMS/ptm/m/n' in size <12> not available
(Font)              Font shape `OMS/cmsy/m/n' tried instead on input line 226.
LaTeX Font Info:    Try loading font information for OT1+pcr on input line 227.


(/usr/local/texlive/2008/texmf-dist/tex/latex/psnfss/ot1pcr.fd
File: ot1pcr.fd 2001/06/04 font definitions for OT1/pcr.
)
Missing character: There is no É in font ptmr7t!
 [9]
<Monterey25_lrauvs.png, id=44, 1809.76125pt x 1309.89375pt>
File: Monterey25_lrauvs.png Graphic file (type png)

<use Monterey25_lrauvs.png> [10 <./Monterey25_lrauvs.png (PNG copy)>]
Underfull \vbox (badness 10000) has occurred while \output is active []

 [11]
(./IntegrationOfX3DGeospatial.bbl
Underfull \hbox (badness 10000) in paragraph at lines 20--24
[]\OT1/ptm/m/sc/12 Caress, D., and Chayes, D.\OT1/ptm/m/n/12 , 2006.  MB-System
: Map-ping the Seafloor.
 []

[12]
Underfull \hbox (badness 10000) in paragraph at lines 95--99
[]\OT1/ptm/m/sc/12 OGC\OT1/ptm/m/n/12 , 2012.  Open Geospa-tial Con-sor-tium - 
3D Por-trayal In-ter-op-er-abil-ity Ex-per-i-ment.
 []


Underfull \vbox (badness 2205) has occurred while \output is active []

 [13])
[14] (./IntegrationOfX3DGeospatial.aux)

LaTeX Warning: Label(s) may have changed. Rerun to get cross-references right.

 ) 
Here is how much of TeX's memory you used:
 3714 strings out of 493876
 56743 string characters out of 1150567
 110340 words of memory out of 3000000
 6957 multiletter control sequences out of 10000+50000
 26729 words of font info for 47 fonts, out of 3000000 for 5000
 714 hyphenation exceptions out of 8191
 36i,5n,38p,1406b,287s stack positions out of 5000i,500n,10000p,200000b,50000s
{/usr/local/texlive/2008/texmf-dist/fonts/enc/dvips/base/8r.enc}</usr/local/t
exlive/2008/texmf-dist/fonts/type1/bluesky/cm/cmsy10.pfb></usr/local/texlive/20
08/texmf-dist/fonts/type1/urw/courier/ucrr8a.pfb></usr/local/texlive/2008/texmf
-dist/fonts/type1/urw/helvetic/uhvb8a.pfb></usr/local/texlive/2008/texmf-dist/f
onts/type1/urw/helvetic/uhvr8a.pfb></usr/local/texlive/2008/texmf-dist/fonts/ty
pe1/urw/times/utmb8a.pfb></usr/local/texlive/2008/texmf-dist/fonts/type1/urw/ti
mes/utmr8a.pfb></usr/local/texlive/2008/texmf-dist/fonts/type1/urw/times/utmri8
a.pfb>
Output written on IntegrationOfX3DGeospatial.pdf (14 pages, 3528719 bytes).
PDF statistics:
 85 PDF objects out of 1000 (max. 8388607)
 0 named destinations out of 1000 (max. 131072)
 41 words of extra memory for PDF output out of 10000 (max. 10000000)

